bubbles/build/intermediates/manifest_merge_blame_file/debug/manifest-merger-blame-debug-report.txt
1<?xml version="1.0" encoding="utf-8"?>
2<!--
3 * Copyright Txus Ballesteros 2015 (@txusballesteros)
4 *
5 * This file is part of some open source application.
6 *
7 * Licensed to the Apache Software Foundation (ASF) under one
8 * or more contributor license agreements.  See the NOTICE file
9 * distributed with this work for additional information
10 * regarding copyright ownership.  The ASF licenses this file
11 * to you under the Apache License, Version 2.0 (the
12 * "License"); you may not use this file except in compliance
13 * with the License.  You may obtain a copy of the License at
14 *
15 *   http://www.apache.org/licenses/LICENSE-2.0
16 *
17 * Unless required by applicable law or agreed to in writing,
18 * software distributed under the License is distributed on an
19 * "AS IS" BASIS, WITHOUT WARRANTIES OR CONDITIONS OF ANY
20 * KIND, either express or implied.  See the License for the
21 * specific language governing permissions and limitations
22 * under the License.
23 *
24 * Contact: Txus Ballesteros <txus.ballesteros@gmail.com>
25-->
26<manifest xmlns:android="http://schemas.android.com/apk/res/android"
27    package="com.txusballesteros.bubbles"
28    android:versionCode="1"
29    android:versionName="1.2.1" >
30
31    <uses-sdk
32        android:minSdkVersion="14"
32-->src/main/AndroidManifest.xml
33        android:targetSdkVersion="28" />
33-->src/main/AndroidManifest.xml
34
35    <uses-permission android:name="android.permission.VIBRATE" />
35-->src/main/AndroidManifest.xml:30:5-65
35-->src/main/AndroidManifest.xml:30:22-63
36    <uses-permission android:name="android.permission.SYSTEM_ALERT_WINDOW" />
36-->src/main/AndroidManifest.xml:31:5-78
36-->src/main/AndroidManifest.xml:31:22-75
37
38    <application>
38-->src/main/AndroidManifest.xml:33:5-39:19
39        <service
39-->src/main/AndroidManifest.xml:35:9-37:40
40            android:name="com.txusballesteros.bubbles.BubblesService"
40-->src/main/AndroidManifest.xml:35:18-75
41            android:enabled="true"
41-->src/main/AndroidManifest.xml:36:13-35
42            android:exported="false" />
42-->src/main/AndroidManifest.xml:37:13-37
43    </application>
44
45</manifest>